app/build/intermediates/manifest_merge_blame_file/debug/manifest-merger-blame-debug-report.txt
1<?xml version="1.0" encoding="utf-8"?>
2<manifest xmlns:android="http://schemas.android.com/apk/res/android"
3    package="com.careerconnect"
4    android:versionCode="1"
5    android:versionName="1.0" >
6
7    <uses-sdk
8        android:minSdkVersion="23"
8-->src/main/AndroidManifest.xml
9        android:targetSdkVersion="30" />
9-->src/main/AndroidManifest.xml
10
11    <uses-permission android:name="android.permission.INTERNET" />
11-->src/main/AndroidManifest.xml:5:5-67
11-->src/main/AndroidManifest.xml:5:22-64
12    <uses-permission android:name="android.permission.ACCESS_NETWORK_STATE" />
12-->[com.firebaseui:firebase-ui-auth:1.0.1] AndroidManifest.xml:12:5-79
12-->[com.firebaseui:firebase-ui-auth:1.0.1] AndroidManifest.xml:12:22-76
13    <uses-permission android:name="android.permission.WAKE_LOCK" />
13-->[com.google.android.gms:play-services-measurement-api:20.1.2] AndroidManifest.xml:24:5-68
13-->[com.google.android.gms:play-services-measurement-api:20.1.2] AndroidManifest.xml:24:22-65
14    <uses-permission android:name="com.google.android.gms.permission.AD_ID" />
14-->[com.google.android.gms:play-services-measurement-api:20.1.2] AndroidManifest.xml:25:5-79
14-->[com.google.android.gms:play-services-measurement-api:20.1.2] AndroidManifest.xml:25:22-76
15    <uses-permission android:name="com.google.android.finsky.permission.BIND_GET_INSTALL_REFERRER_SERVICE" />
15-->[com.google.android.gms:play-services-measurement:20.1.2] AndroidManifest.xml:26:5-110
15-->[com.google.android.gms:play-services-measurement:20.1.2] AndroidManifest.xml:26:22-107
16
17    <application
17-->src/main/AndroidManifest.xml:7:5-35:19
18        android:allowBackup="true"
18-->src/main/AndroidManifest.xml:8:9-35
19        android:appComponentFactory="androidx.core.app.CoreComponentFactory"
19-->[androidx.core:core:1.2.0] AndroidManifest.xml:24:18-86
20        android:debuggable="true"
21        android:extractNativeLibs="false"
22        android:icon="@mipmap/ic_launcher"
22-->src/main/AndroidManifest.xml:9:9-43
23        android:label="@string/app_name"
23-->src/main/AndroidManifest.xml:10:9-41
24        android:roundIcon="@mipmap/ic_launcher_round"
24-->src/main/AndroidManifest.xml:11:9-54
25        android:supportsRtl="true"
25-->src/main/AndroidManifest.xml:12:9-35
26        android:testOnly="true"
27        android:theme="@style/AppTheme" >
27-->src/main/AndroidManifest.xml:13:9-40
28        <activity android:name="com.careerconnect.applyJob" />
28-->src/main/AndroidManifest.xml:14:9-55
28-->src/main/AndroidManifest.xml:14:19-43
29        <activity android:name="com.careerconnect.Home" />
29-->src/main/AndroidManifest.xml:15:9-42
29-->src/main/AndroidManifest.xml:15:19-39
30        <activity android:name="com.careerconnect.ShowProfile" />
30-->src/main/AndroidManifest.xml:16:9-49
30-->src/main/AndroidManifest.xml:16:19-46
31        <activity android:name="com.careerconnect.EditProfile" />
31-->src/main/AndroidManifest.xml:17:9-49
31-->src/main/AndroidManifest.xml:17:19-46
32        <activity android:name="com.careerconnect.JobDetails" />
32-->src/main/AndroidManifest.xml:18:9-48
32-->src/main/AndroidManifest.xml:18:19-45
33        <activity android:name="com.careerconnect.viewJobs" />
33-->src/main/AndroidManifest.xml:19:9-46
33-->src/main/AndroidManifest.xml:19:19-43
34        <activity android:name="com.careerconnect.InsertJobPostActivity" />
34-->src/main/AndroidManifest.xml:20:9-59
34-->src/main/AndroidManifest.xml:20:19-56
35        <activity android:name="com.careerconnect.viewCandidates" />
35-->src/main/AndroidManifest.xml:21:9-52
35-->src/main/AndroidManifest.xml:21:19-49
36        <activity android:name="com.careerconnect.postJob" />
36-->src/main/AndroidManifest.xml:22:9-45
36-->src/main/AndroidManifest.xml:22:19-42
37        <activity android:name="com.careerconnect.adminLogin" />
37-->src/main/AndroidManifest.xml:23:9-48
37-->src/main/AndroidManifest.xml:23:19-45
38        <activity android:name="com.careerconnect.adminHome" />
38-->src/main/AndroidManifest.xml:24:9-47
38-->src/main/AndroidManifest.xml:24:19-44
39        <activity android:name="com.careerconnect.Login" />
39-->src/main/AndroidManifest.xml:25:9-43
39-->src/main/AndroidManifest.xml:25:19-40
40        <activity android:name="com.careerconnect.SignUp" />
40-->src/main/AndroidManifest.xml:26:9-44
40-->src/main/AndroidManifest.xml:26:19-41
41        <activity android:name="com.careerconnect.SplashScreen" >
41-->src/main/AndroidManifest.xml:27:9-33:20
41-->src/main/AndroidManifest.xml:27:19-47
42            <intent-filter>
42-->src/main/AndroidManifest.xml:28:13-32:29
43                <action android:name="android.intent.action.MAIN" />
43-->src/main/AndroidManifest.xml:29:17-69
43-->src/main/AndroidManifest.xml:29:25-66
44
45                <category android:name="android.intent.category.LAUNCHER" />
45-->src/main/AndroidManifest.xml:31:17-77
45-->src/main/AndroidManifest.xml:31:27-74
46            </intent-filter>
47        </activity>
48        <activity android:name="com.careerconnect.MainActivity" />
48-->src/main/AndroidManifest.xml:34:9-50
48-->src/main/AndroidManifest.xml:34:19-47
49
50        <meta-data
50-->[com.firebaseui:firebase-ui-auth:1.0.1] AndroidManifest.xml:15:9-17:69
51            android:name="com.google.android.gms.version"
51-->[com.firebaseui:firebase-ui-auth:1.0.1] AndroidManifest.xml:16:13-58
52            android:value="@integer/google_play_services_version" />
52-->[com.firebaseui:firebase-ui-auth:1.0.1] AndroidManifest.xml:17:13-66
53        <meta-data
53-->[com.firebaseui:firebase-ui-auth:1.0.1] AndroidManifest.xml:18:9-20:63
54            android:name="io.fabric.ApiKey"
54-->[com.firebaseui:firebase-ui-auth:1.0.1] AndroidManifest.xml:19:13-44
55            android:value="@string/twitter_consumer_secret" />
55-->[com.firebaseui:firebase-ui-auth:1.0.1] AndroidManifest.xml:20:13-60
56
57        <activity
57-->[com.firebaseui:firebase-ui-auth:1.0.1] AndroidManifest.xml:22:9-26:66
58            android:name="com.firebase.ui.auth.KickoffActivity"
58-->[com.firebaseui:firebase-ui-auth:1.0.1] AndroidManifest.xml:23:13-64
59            android:exported="false"
59-->[com.firebaseui:firebase-ui-auth:1.0.1] AndroidManifest.xml:24:13-37
60            android:label="@string/default_toolbar_title"
60-->[com.firebaseui:firebase-ui-auth:1.0.1] AndroidManifest.xml:25:13-58
61            android:theme="@style/Theme.AppCompat.NoActionBar" />
61-->[com.firebaseui:firebase-ui-auth:1.0.1] AndroidManifest.xml:26:13-63
62        <activity
62-->[com.firebaseui:firebase-ui-auth:1.0.1] AndroidManifest.xml:27:9-31:66
63            android:name="com.firebase.ui.auth.ui.email.EmailHintContainerActivity"
63-->[com.firebaseui:firebase-ui-auth:1.0.1] AndroidManifest.xml:28:13-84
64            android:exported="false"
64-->[com.firebaseui:firebase-ui-auth:1.0.1] AndroidManifest.xml:29:13-37
65            android:label="@string/default_toolbar_title"
65-->[com.firebaseui:firebase-ui-auth:1.0.1] AndroidManifest.xml:30:13-58
66            android:theme="@style/Theme.AppCompat.NoActionBar" />
66-->[com.firebaseui:firebase-ui-auth:1.0.1] AndroidManifest.xml:31:13-63
67        <activity
67-->[com.firebaseui:firebase-ui-auth:1.0.1] AndroidManifest.xml:32:9-36:49
68            android:name="com.firebase.ui.auth.ui.email.RecoverPasswordActivity"
68-->[com.firebaseui:firebase-ui-auth:1.0.1] AndroidManifest.xml:33:13-81
69            android:exported="false"
69-->[com.firebaseui:firebase-ui-auth:1.0.1] AndroidManifest.xml:34:13-37
70            android:label="@string/title_recover_password_activity"
70-->[com.firebaseui:firebase-ui-auth:1.0.1] AndroidManifest.xml:35:13-68
71            android:theme="@style/FirebaseUI" />
71-->[com.firebaseui:firebase-ui-auth:1.0.1] AndroidManifest.xml:36:13-46
72        <activity
72-->[com.firebaseui:firebase-ui-auth:1.0.1] AndroidManifest.xml:37:9-41:49
73            android:name="com.firebase.ui.auth.ui.email.RegisterEmailActivity"
73-->[com.firebaseui:firebase-ui-auth:1.0.1] AndroidManifest.xml:38:13-79
74            android:exported="false"
74-->[com.firebaseui:firebase-ui-auth:1.0.1] AndroidManifest.xml:39:13-37
75            android:label="@string/title_register_email_activity"
75-->[com.firebaseui:firebase-ui-auth:1.0.1] AndroidManifest.xml:40:13-66
76            android:theme="@style/FirebaseUI" />
76-->[com.firebaseui:firebase-ui-auth:1.0.1] AndroidManifest.xml:41:13-46
77        <activity
77-->[com.firebaseui:firebase-ui-auth:1.0.1] AndroidManifest.xml:42:9-46:49
78            android:name="com.firebase.ui.auth.ui.email.SignInNoPasswordActivity"
78-->[com.firebaseui:firebase-ui-auth:1.0.1] AndroidManifest.xml:43:13-82
79            android:exported="false"
79-->[com.firebaseui:firebase-ui-auth:1.0.1] AndroidManifest.xml:44:13-37
80            android:label="@string/title_sign_in_no_password_activity"
80-->[com.firebaseui:firebase-ui-auth:1.0.1] AndroidManifest.xml:45:13-71
81            android:theme="@style/FirebaseUI" />
81-->[com.firebaseui:firebase-ui-auth:1.0.1] AndroidManifest.xml:46:13-46
82        <activity
82-->[com.firebaseui:firebase-ui-auth:1.0.1] AndroidManifest.xml:47:9-51:49
83            android:name="com.firebase.ui.auth.ui.email.SignInActivity"
83-->[com.firebaseui:firebase-ui-auth:1.0.1] AndroidManifest.xml:48:13-72
84            android:exported="false"
84-->[com.firebaseui:firebase-ui-auth:1.0.1] AndroidManifest.xml:49:13-37
85            android:label="@string/title_sign_in_activity"
85-->[com.firebaseui:firebase-ui-auth:1.0.1] AndroidManifest.xml:50:13-59
86            android:theme="@style/FirebaseUI" />
86-->[com.firebaseui:firebase-ui-auth:1.0.1] AndroidManifest.xml:51:13-46
87        <activity
87-->[com.firebaseui:firebase-ui-auth:1.0.1] AndroidManifest.xml:52:9-56:49
88            android:name="com.firebase.ui.auth.ui.account_link.WelcomeBackIdpPrompt"
88-->[com.firebaseui:firebase-ui-auth:1.0.1] AndroidManifest.xml:53:13-85
89            android:exported="false"
89-->[com.firebaseui:firebase-ui-auth:1.0.1] AndroidManifest.xml:54:13-37
90            android:label="@string/title_welcome_back_idp_prompt"
90-->[com.firebaseui:firebase-ui-auth:1.0.1] AndroidManifest.xml:55:13-66
91            android:theme="@style/FirebaseUI" />
91-->[com.firebaseui:firebase-ui-auth:1.0.1] AndroidManifest.xml:56:13-46
92        <activity
92-->[com.firebaseui:firebase-ui-auth:1.0.1] AndroidManifest.xml:57:9-61:49
93            android:name="com.firebase.ui.auth.ui.account_link.WelcomeBackPasswordPrompt"
93-->[com.firebaseui:firebase-ui-auth:1.0.1] AndroidManifest.xml:58:13-90
94            android:exported="false"
94-->[com.firebaseui:firebase-ui-auth:1.0.1] AndroidManifest.xml:59:13-37
95            android:label="@string/title_welcome_back_password_prompt"
95-->[com.firebaseui:firebase-ui-auth:1.0.1] AndroidManifest.xml:60:13-71
96            android:theme="@style/FirebaseUI" />
96-->[com.firebaseui:firebase-ui-auth:1.0.1] AndroidManifest.xml:61:13-46
97        <activity
97-->[com.firebaseui:firebase-ui-auth:1.0.1] AndroidManifest.xml:62:9-66:49
98            android:name="com.firebase.ui.auth.ui.idp.AuthMethodPickerActivity"
98-->[com.firebaseui:firebase-ui-auth:1.0.1] AndroidManifest.xml:63:13-80
99            android:exported="false"
99-->[com.firebaseui:firebase-ui-auth:1.0.1] AndroidManifest.xml:64:13-37
100            android:label="@string/default_toolbar_title"
100-->[com.firebaseui:firebase-ui-auth:1.0.1] AndroidManifest.xml:65:13-58
101            android:theme="@style/FirebaseUI" />
101-->[com.firebaseui:firebase-ui-auth:1.0.1] AndroidManifest.xml:66:13-46
102        <activity
102-->[com.firebaseui:firebase-ui-auth:1.0.1] AndroidManifest.xml:67:9-72:45
103            android:name="com.facebook.FacebookActivity"
103-->[com.firebaseui:firebase-ui-auth:1.0.1] AndroidManifest.xml:68:13-57
104            android:configChanges="keyboard|keyboardHidden|screenLayout|screenSize|orientation"
104-->[com.firebaseui:firebase-ui-auth:1.0.1] AndroidManifest.xml:69:13-96
105            android:label="@string/app_name"
105-->[com.firebaseui:firebase-ui-auth:1.0.1] AndroidManifest.xml:70:13-45
106            android:theme="@style/Theme.AppCompat.NoActionBar" />
106-->[com.firebaseui:firebase-ui-auth:1.0.1] AndroidManifest.xml:71:13-63
107        <activity
107-->[com.firebaseui:firebase-ui-auth:1.0.1] AndroidManifest.xml:73:9-84:20
108            android:name="com.facebook.CustomTabActivity"
108-->[com.firebaseui:firebase-ui-auth:1.0.1] AndroidManifest.xml:74:13-58
109            android:exported="true" >
109-->[com.firebaseui:firebase-ui-auth:1.0.1] AndroidManifest.xml:75:13-36
110            <intent-filter>
110-->[com.firebaseui:firebase-ui-auth:1.0.1] AndroidManifest.xml:76:13-83:29
111                <action android:name="android.intent.action.VIEW" />
111-->[com.firebaseui:firebase-ui-auth:1.0.1] AndroidManifest.xml:77:17-69
111-->[com.firebaseui:firebase-ui-auth:1.0.1] AndroidManifest.xml:77:25-66
112
113                <category android:name="android.intent.category.DEFAULT" />
113-->[com.firebaseui:firebase-ui-auth:1.0.1] AndroidManifest.xml:79:17-76
113-->[com.firebaseui:firebase-ui-auth:1.0.1] AndroidManifest.xml:79:27-73
114                <category android:name="android.intent.category.BROWSABLE" />
114-->[com.firebaseui:firebase-ui-auth:1.0.1] AndroidManifest.xml:80:17-78
114-->[com.firebaseui:firebase-ui-auth:1.0.1] AndroidManifest.xml:80:27-75
115
116                <data android:scheme="@string/facebook_login_protocol_scheme" />
116-->[com.firebaseui:firebase-ui-auth:1.0.1] AndroidManifest.xml:82:17-81
116-->[com.firebaseui:firebase-ui-auth:1.0.1] AndroidManifest.xml:82:23-78
117            </intent-filter>
118        </activity>
119        <activity android:name="com.facebook.CustomTabMainActivity" />
119-->[com.facebook.android:facebook-android-sdk:4.17.0] AndroidManifest.xml:37:9-71
119-->[com.facebook.android:facebook-android-sdk:4.17.0] AndroidManifest.xml:37:19-68
120        <activity
120-->[com.google.firebase:firebase-auth:21.0.3] AndroidManifest.xml:27:9-44:20
121            android:name="com.google.firebase.auth.internal.GenericIdpActivity"
121-->[com.google.firebase:firebase-auth:21.0.3] AndroidManifest.xml:28:13-80
122            android:excludeFromRecents="true"
122-->[com.google.firebase:firebase-auth:21.0.3] AndroidManifest.xml:29:13-46
123            android:exported="true"
123-->[com.google.firebase:firebase-auth:21.0.3] AndroidManifest.xml:30:13-36
124            android:launchMode="singleTask"
124-->[com.google.firebase:firebase-auth:21.0.3] AndroidManifest.xml:31:13-44
125            android:theme="@android:style/Theme.Translucent.NoTitleBar" >
125-->[com.google.firebase:firebase-auth:21.0.3] AndroidManifest.xml:32:13-72
126            <intent-filter>
126-->[com.google.firebase:firebase-auth:21.0.3] AndroidManifest.xml:33:13-43:29
127                <action android:name="android.intent.action.VIEW" />
127-->[com.firebaseui:firebase-ui-auth:1.0.1] AndroidManifest.xml:77:17-69
127-->[com.firebaseui:firebase-ui-auth:1.0.1] AndroidManifest.xml:77:25-66
128
129                <category android:name="android.intent.category.DEFAULT" />
129-->[com.firebaseui:firebase-ui-auth:1.0.1] AndroidManifest.xml:79:17-76
129-->[com.firebaseui:firebase-ui-auth:1.0.1] AndroidManifest.xml:79:27-73
130                <category android:name="android.intent.category.BROWSABLE" />
130-->[com.firebaseui:firebase-ui-auth:1.0.1] AndroidManifest.xml:80:17-78
130-->[com.firebaseui:firebase-ui-auth:1.0.1] AndroidManifest.xml:80:27-75
131
132                <data
132-->[com.firebaseui:firebase-ui-auth:1.0.1] AndroidManifest.xml:82:17-81
133                    android:host="firebase.auth"
134                    android:path="/"
135                    android:scheme="genericidp" />
135-->[com.firebaseui:firebase-ui-auth:1.0.1] AndroidManifest.xml:82:23-78
136            </intent-filter>
137        </activity>
138        <activity
138-->[com.google.firebase:firebase-auth:21.0.3] AndroidManifest.xml:45:9-62:20
139            android:name="com.google.firebase.auth.internal.RecaptchaActivity"
139-->[com.google.firebase:firebase-auth:21.0.3] AndroidManifest.xml:46:13-79
140            android:excludeFromRecents="true"
140-->[com.google.firebase:firebase-auth:21.0.3] AndroidManifest.xml:47:13-46
141            android:exported="true"
141-->[com.google.firebase:firebase-auth:21.0.3] AndroidManifest.xml:48:13-36
142            android:launchMode="singleTask"
142-->[com.google.firebase:firebase-auth:21.0.3] AndroidManifest.xml:49:13-44
143            android:theme="@android:style/Theme.Translucent.NoTitleBar" >
143-->[com.google.firebase:firebase-auth:21.0.3] AndroidManifest.xml:50:13-72
144            <intent-filter>
144-->[com.google.firebase:firebase-auth:21.0.3] AndroidManifest.xml:51:13-61:29
145                <action android:name="android.intent.action.VIEW" />
145-->[com.firebaseui:firebase-ui-auth:1.0.1] AndroidManifest.xml:77:17-69
145-->[com.firebaseui:firebase-ui-auth:1.0.1] AndroidManifest.xml:77:25-66
146
147                <category android:name="android.intent.category.DEFAULT" />
147-->[com.firebaseui:firebase-ui-auth:1.0.1] AndroidManifest.xml:79:17-76
147-->[com.firebaseui:firebase-ui-auth:1.0.1] AndroidManifest.xml:79:27-73
148                <category android:name="android.intent.category.BROWSABLE" />
148-->[com.firebaseui:firebase-ui-auth:1.0.1] AndroidManifest.xml:80:17-78
148-->[com.firebaseui:firebase-ui-auth:1.0.1] AndroidManifest.xml:80:27-75
149
150                <data
150-->[com.firebaseui:firebase-ui-auth:1.0.1] AndroidManifest.xml:82:17-81
151                    android:host="firebase.auth"
152                    android:path="/"
153                    android:scheme="recaptcha" />
153-->[com.firebaseui:firebase-ui-auth:1.0.1] AndroidManifest.xml:82:23-78
154            </intent-filter>
155        </activity>
156
157        <service
157-->[com.google.firebase:firebase-auth:21.0.3] AndroidManifest.xml:64:9-70:19
158            android:name="com.google.firebase.components.ComponentDiscoveryService"
158-->[com.google.firebase:firebase-auth:21.0.3] AndroidManifest.xml:65:13-84
159            android:directBootAware="true"
159-->[com.google.firebase:firebase-common:20.1.0] AndroidManifest.xml:35:13-43
160            android:exported="false" >
160-->[com.google.firebase:firebase-auth:21.0.3] AndroidManifest.xml:66:13-37
161            <meta-data
161-->[com.google.firebase:firebase-auth:21.0.3] AndroidManifest.xml:67:13-69:85
162                android:name="com.google.firebase.components:com.google.firebase.auth.FirebaseAuthRegistrar"
162-->[com.google.firebase:firebase-auth:21.0.3] AndroidManifest.xml:68:17-109
163                android:value="com.google.firebase.components.ComponentRegistrar" />
163-->[com.google.firebase:firebase-auth:21.0.3] AndroidManifest.xml:69:17-82
164            <meta-data
164-->[com.google.firebase:firebase-database:20.0.4] AndroidManifest.xml:32:13-34:85
165                android:name="com.google.firebase.components:com.google.firebase.database.DatabaseRegistrar"
165-->[com.google.firebase:firebase-database:20.0.4] AndroidManifest.xml:33:17-109
166                android:value="com.google.firebase.components.ComponentRegistrar" />
166-->[com.google.firebase:firebase-database:20.0.4] AndroidManifest.xml:34:17-82
167            <meta-data
167-->[com.google.firebase:firebase-storage:20.0.1] AndroidManifest.xml:33:13-35:85
168                android:name="com.google.firebase.components:com.google.firebase.storage.StorageRegistrar"
168-->[com.google.firebase:firebase-storage:20.0.1] AndroidManifest.xml:34:17-107
169                android:value="com.google.firebase.components.ComponentRegistrar" />
169-->[com.google.firebase:firebase-storage:20.0.1] AndroidManifest.xml:35:17-82
170            <meta-data
170-->[com.google.android.gms:play-services-measurement-api:20.1.2] AndroidManifest.xml:31:13-33:85
171                android:name="com.google.firebase.components:com.google.firebase.analytics.connector.internal.AnalyticsConnectorRegistrar"
171-->[com.google.android.gms:play-services-measurement-api:20.1.2] AndroidManifest.xml:32:17-139
172                android:value="com.google.firebase.components.ComponentRegistrar" />
172-->[com.google.android.gms:play-services-measurement-api:20.1.2] AndroidManifest.xml:33:17-82
173            <meta-data
173-->[com.google.firebase:firebase-installations:17.0.1] AndroidManifest.xml:18:13-20:85
174                android:name="com.google.firebase.components:com.google.firebase.installations.FirebaseInstallationsRegistrar"
174-->[com.google.firebase:firebase-installations:17.0.1] AndroidManifest.xml:19:17-127
175                android:value="com.google.firebase.components.ComponentRegistrar" />
175-->[com.google.firebase:firebase-installations:17.0.1] AndroidManifest.xml:20:17-82
176        </service>
177
178        <activity
178-->[com.twitter.sdk.android:tweet-composer:2.2.0] AndroidManifest.xml:28:9-31:71
179            android:name="com.twitter.sdk.android.tweetcomposer.ComposerActivity"
179-->[com.twitter.sdk.android:tweet-composer:2.2.0] AndroidManifest.xml:29:13-82
180            android:exported="false"
180-->[com.twitter.sdk.android:tweet-composer:2.2.0] AndroidManifest.xml:30:13-37
181            android:windowSoftInputMode="adjustResize|stateVisible" />
181-->[com.twitter.sdk.android:tweet-composer:2.2.0] AndroidManifest.xml:31:13-68
182
183        <service
183-->[com.twitter.sdk.android:tweet-composer:2.2.0] AndroidManifest.xml:33:9-36:40
184            android:name="com.twitter.sdk.android.tweetcomposer.TweetUploadService"
184-->[com.twitter.sdk.android:tweet-composer:2.2.0] AndroidManifest.xml:34:13-84
185            android:enabled="true"
185-->[com.twitter.sdk.android:tweet-composer:2.2.0] AndroidManifest.xml:35:13-35
186            android:exported="false" />
186-->[com.twitter.sdk.android:tweet-composer:2.2.0] AndroidManifest.xml:36:13-37
187
188        <activity
188-->[com.twitter.sdk.android:tweet-ui:2.2.0] AndroidManifest.xml:28:9-31:49
189            android:name="com.twitter.sdk.android.tweetui.PlayerActivity"
189-->[com.twitter.sdk.android:tweet-ui:2.2.0] AndroidManifest.xml:29:13-74
190            android:configChanges="keyboardHidden|orientation|screenSize"
190-->[com.twitter.sdk.android:tweet-ui:2.2.0] AndroidManifest.xml:30:13-74
191            android:theme="@style/MediaTheme" />
191-->[com.twitter.sdk.android:tweet-ui:2.2.0] AndroidManifest.xml:31:13-46
192        <activity
192-->[com.twitter.sdk.android:tweet-ui:2.2.0] AndroidManifest.xml:32:9-34:49
193            android:name="com.twitter.sdk.android.tweetui.GalleryActivity"
193-->[com.twitter.sdk.android:tweet-ui:2.2.0] AndroidManifest.xml:33:13-75
194            android:theme="@style/MediaTheme" />
194-->[com.twitter.sdk.android:tweet-ui:2.2.0] AndroidManifest.xml:34:13-46
195
196        <provider
196-->[com.squareup.picasso:picasso:2.71828] AndroidManifest.xml:8:9-11:40
197            android:name="com.squareup.picasso.PicassoProvider"
197-->[com.squareup.picasso:picasso:2.71828] AndroidManifest.xml:9:13-64
198            android:authorities="com.careerconnect.com.squareup.picasso"
198-->[com.squareup.picasso:picasso:2.71828] AndroidManifest.xml:10:13-72
199            android:exported="false" />
199-->[com.squareup.picasso:picasso:2.71828] AndroidManifest.xml:11:13-37
200        <provider
200-->[com.google.firebase:firebase-common:20.1.0] AndroidManifest.xml:26:9-31:39
201            android:name="com.google.firebase.provider.FirebaseInitProvider"
201-->[com.google.firebase:firebase-common:20.1.0] AndroidManifest.xml:27:13-77
202            android:authorities="com.careerconnect.firebaseinitprovider"
202-->[com.google.firebase:firebase-common:20.1.0] AndroidManifest.xml:28:13-72
203            android:directBootAware="true"
203-->[com.google.firebase:firebase-common:20.1.0] AndroidManifest.xml:29:13-43
204            android:exported="false"
204-->[com.google.firebase:firebase-common:20.1.0] AndroidManifest.xml:30:13-37
205            android:initOrder="100" />
205-->[com.google.firebase:firebase-common:20.1.0] AndroidManifest.xml:31:13-36
206
207        <activity
207-->[com.google.android.gms:play-services-auth:10.0.0] AndroidManifest.xml:20:9-189
208            android:name="com.google.android.gms.auth.api.signin.internal.SignInHubActivity"
208-->[com.google.android.gms:play-services-auth:10.0.0] AndroidManifest.xml:20:19-68
209            android:excludeFromRecents="true"
209-->[com.google.android.gms:play-services-auth:10.0.0] AndroidManifest.xml:20:129-162
210            android:exported="false"
210-->[com.google.android.gms:play-services-auth:10.0.0] AndroidManifest.xml:20:163-187
211            android:theme="@android:style/Theme.Translucent.NoTitleBar" />
211-->[com.google.android.gms:play-services-auth:10.0.0] AndroidManifest.xml:20:69-128
212        <!--
213Service handling Google Sign-In user revocation. For apps that do not integrate with
214            Google Sign-In, this service will never be started.
215        -->
216        <service
216-->[com.google.android.gms:play-services-auth:10.0.0] AndroidManifest.xml:24:9-184
217            android:name="com.google.android.gms.auth.api.signin.RevocationBoundService"
217-->[com.google.android.gms:play-services-auth:10.0.0] AndroidManifest.xml:24:18-63
218            android:exported="true"
218-->[com.google.android.gms:play-services-auth:10.0.0] AndroidManifest.xml:24:64-87
219            android:permission="com.google.android.gms.auth.api.signin.permission.REVOCATION_NOTIFICATION" />
219-->[com.google.android.gms:play-services-auth:10.0.0] AndroidManifest.xml:24:88-182
220
221        <activity
221-->[com.google.android.gms:play-services-base:18.0.1] AndroidManifest.xml:20:9-22:45
222            android:name="com.google.android.gms.common.api.GoogleApiActivity"
222-->[com.google.android.gms:play-services-base:18.0.1] AndroidManifest.xml:20:19-85
223            android:exported="false"
223-->[com.google.android.gms:play-services-base:18.0.1] AndroidManifest.xml:22:19-43
224            android:theme="@android:style/Theme.Translucent.NoTitleBar" />
224-->[com.google.android.gms:play-services-base:18.0.1] AndroidManifest.xml:21:19-78
225
226        <receiver
226-->[com.google.android.gms:play-services-measurement:20.1.2] AndroidManifest.xml:29:9-33:20
227            android:name="com.google.android.gms.measurement.AppMeasurementReceiver"
227-->[com.google.android.gms:play-services-measurement:20.1.2] AndroidManifest.xml:30:13-85
228            android:enabled="true"
228-->[com.google.android.gms:play-services-measurement:20.1.2] AndroidManifest.xml:31:13-35
229            android:exported="false" >
229-->[com.google.android.gms:play-services-measurement:20.1.2] AndroidManifest.xml:32:13-37
230        </receiver>
231
232        <service
232-->[com.google.android.gms:play-services-measurement:20.1.2] AndroidManifest.xml:35:9-38:40
233            android:name="com.google.android.gms.measurement.AppMeasurementService"
233-->[com.google.android.gms:play-services-measurement:20.1.2] AndroidManifest.xml:36:13-84
234            android:enabled="true"
234-->[com.google.android.gms:play-services-measurement:20.1.2] AndroidManifest.xml:37:13-35
235            android:exported="false" />
235-->[com.google.android.gms:play-services-measurement:20.1.2] AndroidManifest.xml:38:13-37
236        <service
236-->[com.google.android.gms:play-services-measurement:20.1.2] AndroidManifest.xml:39:9-43:72
237            android:name="com.google.android.gms.measurement.AppMeasurementJobService"
237-->[com.google.android.gms:play-services-measurement:20.1.2] AndroidManifest.xml:40:13-87
238            android:enabled="true"
238-->[com.google.android.gms:play-services-measurement:20.1.2] AndroidManifest.xml:41:13-35
239            android:exported="false"
239-->[com.google.android.gms:play-services-measurement:20.1.2] AndroidManifest.xml:42:13-37
240            android:permission="android.permission.BIND_JOB_SERVICE" />
240-->[com.google.android.gms:play-services-measurement:20.1.2] AndroidManifest.xml:43:13-69
241
242        <activity
242-->[com.twitter.sdk.android:twitter-core:2.2.0] AndroidManifest.xml:28:9-32:40
243            android:name="com.twitter.sdk.android.core.identity.OAuthActivity"
243-->[com.twitter.sdk.android:twitter-core:2.2.0] AndroidManifest.xml:29:13-79
244            android:configChanges="orientation|screenSize"
244-->[com.twitter.sdk.android:twitter-core:2.2.0] AndroidManifest.xml:30:13-59
245            android:excludeFromRecents="true"
245-->[com.twitter.sdk.android:twitter-core:2.2.0] AndroidManifest.xml:31:13-46
246            android:exported="false" />
246-->[com.twitter.sdk.android:twitter-core:2.2.0] AndroidManifest.xml:32:13-37
247        <activity
247-->[com.twitter.sdk.android:twitter-core:2.2.0] AndroidManifest.xml:33:9-39:48
248            android:name="com.twitter.sdk.android.core.identity.ShareEmailActivity"
248-->[com.twitter.sdk.android:twitter-core:2.2.0] AndroidManifest.xml:34:13-84
249            android:configChanges="orientation|screenSize"
249-->[com.twitter.sdk.android:twitter-core:2.2.0] AndroidManifest.xml:35:13-59
250            android:excludeFromRecents="true"
250-->[com.twitter.sdk.android:twitter-core:2.2.0] AndroidManifest.xml:36:13-46
251            android:exported="false"
251-->[com.twitter.sdk.android:twitter-core:2.2.0] AndroidManifest.xml:37:13-37
252            android:icon="@drawable/tw__transparent"
252-->[com.twitter.sdk.android:twitter-core:2.2.0] AndroidManifest.xml:38:13-53
253            android:label="@string/kit_name" />
253-->[com.twitter.sdk.android:twitter-core:2.2.0] AndroidManifest.xml:39:13-45
254    </application>
255
256</manifest>